/*C12*/SET SCHEMA PUBLIC
INSERT INTO USERS VALUES(3,'','Supreme','Leader','$2a$07$SuLA9D.Q/Zwaj2ixKRfdceQOBrAc26k9VRP40slp25NF1B0bYglim','supremeLeader')
INSERT INTO USER_ROLE VALUES(3,1)
INSERT INTO USER_ROLE VALUES(3,2)
ALTER SEQUENCE PUBLIC.HIBERNATE_SEQUENCE RESTART WITH 4
COMMIT
DISCONNECT
/*C13*/SET SCHEMA PUBLIC
DISCONNECT
/*C14*/SET SCHEMA PUBLIC
DISCONNECT
/*C15*/SET SCHEMA PUBLIC
DISCONNECT
/*C16*/SET SCHEMA PUBLIC
DISCONNECT
/*C17*/SET SCHEMA PUBLIC
DISCONNECT
/*C18*/SET SCHEMA PUBLIC
DISCONNECT
/*C19*/SET SCHEMA PUBLIC
DISCONNECT
/*C20*/SET SCHEMA PUBLIC
DISCONNECT
/*C21*/SET SCHEMA PUBLIC
DISCONNECT
